#
# There is insufficient memory for the Java Runtime Environment to continue.
# Native memory allocation (malloc) failed to allocate 2205136 bytes for Chunk::new
# Possible reasons:
#   The system is out of physical RAM or swap space
#   The process is running with CompressedOops enabled, and the Java Heap may be blocking the growth of the native heap
# Possible solutions:
#   Reduce memory load on the system
#   Increase physical memory or swap space
#   Check if swap backing store is full
#   Decrease Java heap size (-Xmx/-Xms)
#   Decrease number of Java threads
#   Decrease Java thread stack sizes (-Xss)
#   Set larger code cache with -XX:ReservedCodeCacheSize=
#   JVM is running with Zero Based Compressed Oops mode in which the Java heap is
#     placed in the first 32GB address space. The Java Heap base address is the
#     maximum limit for the native heap growth. Please use -XX:HeapBaseMinAddress
#     to set the Java Heap base and to place the Java Heap above 32GB virtual address.
# This output file may be truncated or incomplete.
#
#  Out of Memory Error (./open/src/hotspot/share/memory/arena.cpp:195), pid=2564, tid=35492
#
# JRE version: OpenJDK Runtime Environment (15.0.2+7) (build 15.0.2+7-27)
# Java VM: OpenJDK 64-Bit Server VM (15.0.2+7-27, mixed mode, tiered, compressed oops, g1 gc, windows-amd64)
# No core dump will be written. Minidumps are not enabled by default on client versions of Windows
#

---------------  S U M M A R Y ------------

Command Line: -ea -Dfile.encoding=Cp1252 -XX:+ShowCodeDetailsInExceptionMessages org.testng.remote.RemoteTestNG -serport 62998 -protocol json -d C:\Users\MuhammadMujahid\git\Platform_Automation_Playwright\test-output C:\Users\MUHAMM~1\AppData\Local\Temp\testng-eclipse--894733201\testng-customsuite.xml

Host: Intel(R) Core(TM) i7-8565U CPU @ 1.80GHz, 8 cores, 15G,  Windows 10 , 64 bit Build 22621 (10.0.22621.608)
Time: Mon Nov 14 14:48:03 2022 Pakistan Standard Time elapsed time: 33.092222 seconds (0d 0h 0m 33s)

---------------  T H R E A D  ---------------

Current thread (0x00000221dcfabe40):  JavaThread "C2 CompilerThread0" daemon [_thread_in_native, id=35492, stack(0x000000de51a00000,0x000000de51b00000)]


Current CompileTask:
C2:  33092 2900       4       com.google.gson.internal.bind.TypeAdapters$27::read (225 bytes)

Stack: [0x000000de51a00000,0x000000de51b00000]
Native frames: (J=compiled Java code, j=interpreted, Vv=VM code, C=native code)
V  [jvm.dll+0x62ae9a]
V  [jvm.dll+0x7817a9]
V  [jvm.dll+0x782f03]
V  [jvm.dll+0x783563]
V  [jvm.dll+0x216325]
V  [jvm.dll+0x97f3a]
V  [jvm.dll+0x9861c]
V  [jvm.dll+0x32e2a8]
V  [jvm.dll+0x2f768a]
V  [jvm.dll+0x2f6a4a]
V  [jvm.dll+0x1ea705]
V  [jvm.dll+0x1e996e]
V  [jvm.dll+0x178567]
V  [jvm.dll+0x1f9225]
V  [jvm.dll+0x1f72cc]
V  [jvm.dll+0x74495d]
V  [jvm.dll+0x73d75a]
V  [jvm.dll+0x629c56]
C  [ucrtbase.dll+0x29363]
C  [KERNEL32.DLL+0x1244d]
C  [ntdll.dll+0x5df78]


---------------  P R O C E S S  ---------------

Threads class SMR info:
_java_thread_list=0x00000221df41cdb0, length=16, elements={
0x00000221bd8630b0, 0x00000221dcf83140, 0x00000221dcf844b0, 0x00000221dcfa8010,
0x00000221dcfaa8e0, 0x00000221dcfab1a0, 0x00000221dcfabe40, 0x00000221dcfbb8f0,
0x00000221dd007180, 0x00000221dd14e400, 0x00000221dd169010, 0x00000221dd99a030,
0x00000221dfc10080, 0x00000221dfc10550, 0x00000221deb4f650, 0x00000221df3bfb80
}

Java Threads: ( => current thread )
  0x00000221bd8630b0 JavaThread "main" [_thread_blocked, id=41676, stack(0x000000de50e00000,0x000000de50f00000)]
  0x00000221dcf83140 JavaThread "Reference Handler" daemon [_thread_blocked, id=40724, stack(0x000000de51500000,0x000000de51600000)]
  0x00000221dcf844b0 JavaThread "Finalizer" daemon [_thread_blocked, id=12172, stack(0x000000de51600000,0x000000de51700000)]
  0x00000221dcfa8010 JavaThread "Signal Dispatcher" daemon [_thread_blocked, id=17648, stack(0x000000de51700000,0x000000de51800000)]
  0x00000221dcfaa8e0 JavaThread "Attach Listener" daemon [_thread_blocked, id=2056, stack(0x000000de51800000,0x000000de51900000)]
  0x00000221dcfab1a0 JavaThread "Service Thread" daemon [_thread_blocked, id=22908, stack(0x000000de51900000,0x000000de51a00000)]
=>0x00000221dcfabe40 JavaThread "C2 CompilerThread0" daemon [_thread_in_native, id=35492, stack(0x000000de51a00000,0x000000de51b00000)]
  0x00000221dcfbb8f0 JavaThread "C1 CompilerThread0" daemon [_thread_blocked, id=31520, stack(0x000000de51b00000,0x000000de51c00000)]
  0x00000221dd007180 JavaThread "Sweeper thread" daemon [_thread_blocked, id=42756, stack(0x000000de51c00000,0x000000de51d00000)]
  0x00000221dd14e400 JavaThread "Notification Thread" daemon [_thread_blocked, id=24492, stack(0x000000de51d00000,0x000000de51e00000)]
  0x00000221dd169010 JavaThread "Common-Cleaner" daemon [_thread_blocked, id=6164, stack(0x000000de51f00000,0x000000de52000000)]
  0x00000221dd99a030 JavaThread "ReaderThread" [_thread_in_native, id=19996, stack(0x000000de52100000,0x000000de52200000)]
  0x00000221dfc10080 JavaThread "Thread-0" [_thread_in_native, id=44200, stack(0x000000de52200000,0x000000de52300000)]
  0x00000221dfc10550 JavaThread "Thread-1" [_thread_blocked, id=42928, stack(0x000000de52900000,0x000000de52a00000)]
  0x00000221deb4f650 JavaThread "Java2D Disposer" daemon [_thread_blocked, id=24020, stack(0x000000de52a00000,0x000000de52b00000)]
  0x00000221df3bfb80 JavaThread "AWT-Windows" daemon [_thread_in_native, id=37864, stack(0x000000de52c00000,0x000000de52d00000)]

Other Threads:
  0x00000221dcf45940 VMThread "VM Thread" [stack: 0x000000de51400000,0x000000de51500000] [id=9940]
  0x00000221dd1528e0 WatcherThread [stack: 0x000000de51e00000,0x000000de51f00000] [id=25168]
  0x00000221bd8b5170 GCTaskThread "GC Thread#0" [stack: 0x000000de50f00000,0x000000de51000000] [id=17204]
  0x00000221dd4e8370 GCTaskThread "GC Thread#1" [stack: 0x000000de52300000,0x000000de52400000] [id=29680]
  0x00000221dd4e66c0 GCTaskThread "GC Thread#2" [stack: 0x000000de52400000,0x000000de52500000] [id=44508]
  0x00000221dd4e6d20 GCTaskThread "GC Thread#3" [stack: 0x000000de52500000,0x000000de52600000] [id=43352]
  0x00000221dd4e6060 GCTaskThread "GC Thread#4" [stack: 0x000000de52600000,0x000000de52700000] [id=31980]
  0x00000221dd4e7380 GCTaskThread "GC Thread#5" [stack: 0x000000de52700000,0x000000de52800000] [id=45036]
  0x00000221bd8c6990 ConcurrentGCThread "G1 Main Marker" [stack: 0x000000de51000000,0x000000de51100000] [id=39236]
  0x00000221bd8c8d30 ConcurrentGCThread "G1 Conc#0" [stack: 0x000000de51100000,0x000000de51200000] [id=31584]
  0x00000221dd4e8040 ConcurrentGCThread "G1 Conc#1" [stack: 0x000000de52800000,0x000000de52900000] [id=35768]
  0x00000221bd91c4f0 ConcurrentGCThread "G1 Refine#0" [stack: 0x000000de51200000,0x000000de51300000] [id=9524]
  0x00000221dc5820d0 ConcurrentGCThread "G1 Young RemSet Sampling" [stack: 0x000000de51300000,0x000000de51400000] [id=27992]

Threads with active compile tasks:
C2 CompilerThread0    33145 2900       4       com.google.gson.internal.bind.TypeAdapters$27::read (225 bytes)

VM state: not at safepoint (normal execution)

VM Mutex/Monitor currently owned by a thread: None

Heap address: 0x0000000702200000, size: 4062 MB, Compressed Oops mode: Zero based, Oop shift amount: 3
CDS disabled.
Compressed class space mapped at: 0x0000000800000000-0x0000000840000000, size: 1073741824
Narrow klass base: 0x0000000800000000, Narrow klass shift: 0, Narrow klass range: 0x40000000

GC Precious Log:
 CPUs: 8 total, 8 available
 Memory: 16246M
 Large Page Support: Disabled
 NUMA Support: Disabled
 Compressed Oops: Enabled (Zero based)
 Heap Region Size: 2M
 Heap Min Capacity: 8M
 Heap Initial Capacity: 254M
 Heap Max Capacity: 4062M
 Pre-touch: Disabled
 Parallel Workers: 8
 Concurrent Workers: 2
 Concurrent Refinement Workers: 8
 Periodic GC: Disabled

Heap:
 garbage-first heap   total 40960K, used 25880K [0x0000000702200000, 0x0000000800000000)
  region size 2048K, 12 young (24576K), 2 survivors (4096K)
 Metaspace       used 30739K, capacity 31109K, committed 31360K, reserved 1077248K
  class space    used 3236K, capacity 3353K, committed 3456K, reserved 1048576K

Heap Regions: E=young(eden), S=young(survivor), O=old, HS=humongous(starts), HC=humongous(continues), CS=collection set, F=free, OA=open archive, CA=closed archive, TAMS=top-at-mark-start (previous, next)
|   0|0x0000000702200000, 0x0000000702400000, 0x0000000702400000|100%| O|  |TAMS 0x0000000702400000, 0x0000000702200000| Untracked 
|   1|0x0000000702400000, 0x000000070257cc00, 0x0000000702600000| 74%| O|  |TAMS 0x000000070257cc00, 0x0000000702400000| Untracked 
|   2|0x0000000702600000, 0x0000000702600000, 0x0000000702800000|  0%| F|  |TAMS 0x0000000702600000, 0x0000000702600000| Untracked 
|   3|0x0000000702800000, 0x0000000702800000, 0x0000000702a00000|  0%| F|  |TAMS 0x0000000702800000, 0x0000000702800000| Untracked 
|   4|0x0000000702a00000, 0x0000000702a00000, 0x0000000702c00000|  0%| F|  |TAMS 0x0000000702a00000, 0x0000000702a00000| Untracked 
|   5|0x0000000702c00000, 0x0000000702c00000, 0x0000000702e00000|  0%| F|  |TAMS 0x0000000702c00000, 0x0000000702c00000| Untracked 
|   6|0x0000000702e00000, 0x0000000702fc9428, 0x0000000703000000| 89%| S|CS|TAMS 0x0000000702e00000, 0x0000000702e00000| Complete 
|   7|0x0000000703000000, 0x0000000703200000, 0x0000000703200000|100%| S|CS|TAMS 0x0000000703000000, 0x0000000703000000| Complete 
|   8|0x0000000703200000, 0x0000000703200000, 0x0000000703400000|  0%| F|  |TAMS 0x0000000703200000, 0x0000000703200000| Untracked 
|   9|0x0000000703400000, 0x0000000703400000, 0x0000000703600000|  0%| F|  |TAMS 0x0000000703400000, 0x0000000703400000| Untracked 
|  10|0x0000000703600000, 0x0000000703800000, 0x0000000703800000|100%| E|  |TAMS 0x0000000703600000, 0x0000000703600000| Complete 
|  11|0x0000000703800000, 0x0000000703a00000, 0x0000000703a00000|100%| E|CS|TAMS 0x0000000703800000, 0x0000000703800000| Complete 
|  12|0x0000000703a00000, 0x0000000703c00000, 0x0000000703c00000|100%| E|CS|TAMS 0x0000000703a00000, 0x0000000703a00000| Complete 
|  13|0x0000000703c00000, 0x0000000703e00000, 0x0000000703e00000|100%| E|CS|TAMS 0x0000000703c00000, 0x0000000703c00000| Complete 
|  14|0x0000000703e00000, 0x0000000704000000, 0x0000000704000000|100%| E|CS|TAMS 0x0000000703e00000, 0x0000000703e00000| Complete 
|  15|0x0000000704000000, 0x0000000704200000, 0x0000000704200000|100%| E|CS|TAMS 0x0000000704000000, 0x0000000704000000| Complete 
| 123|0x0000000711800000, 0x0000000711a00000, 0x0000000711a00000|100%| E|CS|TAMS 0x0000000711800000, 0x0000000711800000| Complete 
| 124|0x0000000711a00000, 0x0000000711c00000, 0x0000000711c00000|100%| E|CS|TAMS 0x0000000711a00000, 0x0000000711a00000| Complete 
| 125|0x0000000711c00000, 0x0000000711e00000, 0x0000000711e00000|100%| E|CS|TAMS 0x0000000711c00000, 0x0000000711c00000| Complete 
| 126|0x0000000711e00000, 0x0000000712000000, 0x0000000712000000|100%| E|CS|TAMS 0x0000000711e00000, 0x0000000711e00000| Complete 

Card table byte_map: [0x00000221d0d90000,0x00000221d1580000] _byte_map_base: 0x00000221cd57f000

Marking Bits (Prev, Next): (CMBitMap*) 0x00000221bd8b59a0, (CMBitMap*) 0x00000221bd8b5960
 Prev Bits: [0x00000221d5cf0000, 0x00000221d9c68000)
 Next Bits: [0x00000221d1d70000, 0x00000221d5ce8000)

Polling page: 0x00000221bb810000

Metaspace:

Usage:
  Non-class:     27.11 MB capacity,    26.86 MB (>99%) used,   207.56 KB ( <1%) free+waste,    45.19 KB ( <1%) overhead. 
      Class:      3.27 MB capacity,     3.16 MB ( 97%) used,   100.52 KB (  3%) free+waste,    16.31 KB ( <1%) overhead. 
       Both:     30.38 MB capacity,    30.02 MB ( 99%) used,   308.09 KB ( <1%) free+waste,    61.50 KB ( <1%) overhead. 

Virtual space:
  Non-class space:       28.00 MB reserved,      27.25 MB ( 97%) committed 
      Class space:        1.00 GB reserved,       3.38 MB ( <1%) committed 
             Both:        1.03 GB reserved,      30.62 MB (  3%) committed 

Chunk freelists:
   Non-Class:  20.00 KB
       Class:  7.00 KB
        Both:  27.00 KB

MaxMetaspaceSize: 17179869184.00 GB
CompressedClassSpaceSize: 1.00 GB

CodeHeap 'non-profiled nmethods': size=120000Kb used=1219Kb max_used=1219Kb free=118781Kb
 bounds [0x00000221c8d40000, 0x00000221c8fb0000, 0x00000221d0270000]
CodeHeap 'profiled nmethods': size=120000Kb used=5754Kb max_used=5754Kb free=114245Kb
 bounds [0x00000221c1810000, 0x00000221c1db0000, 0x00000221c8d40000]
CodeHeap 'non-nmethods': size=5760Kb used=1307Kb max_used=1381Kb free=4452Kb
 bounds [0x00000221c1270000, 0x00000221c14e0000, 0x00000221c1810000]
 total_blobs=3501 nmethods=2902 adapters=511
 compilation: enabled
              stopped_count=0, restarted_count=0
 full_count=0

Compilation events (20 events):
Event: 32.878 Thread 0x00000221dcfbb8f0 2894   !   3       jdk.internal.math.FloatingDecimal::readJavaFormatString (826 bytes)
Event: 32.879 Thread 0x00000221dcfabe40 nmethod 2893 0x00000221c8e70890 code [0x00000221c8e70a20, 0x00000221c8e70b48]
Event: 32.879 Thread 0x00000221dcfabe40 2900       4       com.google.gson.internal.bind.TypeAdapters$27::read (225 bytes)
Event: 32.891 Thread 0x00000221dcfbb8f0 nmethod 2894 0x00000221c1da0d90 code [0x00000221c1da16e0, 0x00000221c1da7988]
Event: 32.891 Thread 0x00000221dcfbb8f0 2898       3       com.google.gson.internal.bind.TypeAdapters$33$1::read (77 bytes)
Event: 32.893 Thread 0x00000221dcfbb8f0 nmethod 2898 0x00000221c1daab90 code [0x00000221c1daae40, 0x00000221c1dab968]
Event: 32.893 Thread 0x00000221dcfbb8f0 2899       3       com.google.gson.internal.bind.TypeAdapters$27::read (6 bytes)
Event: 32.893 Thread 0x00000221dcfbb8f0 nmethod 2899 0x00000221c1dabe10 code [0x00000221c1dabfc0, 0x00000221c1dac108]
Event: 32.893 Thread 0x00000221dcfbb8f0 2895       3       com.google.gson.Gson::fromJson (16 bytes)
Event: 32.893 Thread 0x00000221dcfbb8f0 nmethod 2895 0x00000221c1dac190 code [0x00000221c1dac3a0, 0x00000221c1dac8a8]
Event: 32.893 Thread 0x00000221dcfbb8f0 2896       3       com.google.gson.Gson::fromJson (20 bytes)
Event: 32.894 Thread 0x00000221dcfbb8f0 nmethod 2896 0x00000221c1dacb10 code [0x00000221c1daccc0, 0x00000221c1dacef8]
Event: 32.894 Thread 0x00000221dcfbb8f0 2897       3       com.google.gson.internal.bind.JsonTreeReader::<init> (44 bytes)
Event: 32.894 Thread 0x00000221dcfbb8f0 nmethod 2897 0x00000221c1dad010 code [0x00000221c1dad1e0, 0x00000221c1dad678]
Event: 32.909 Thread 0x00000221dcfbb8f0 2902       3       java.lang.Double::valueOf (9 bytes)
Event: 32.909 Thread 0x00000221dcfbb8f0 nmethod 2902 0x00000221c1dad790 code [0x00000221c1dad940, 0x00000221c1dadb98]
Event: 32.909 Thread 0x00000221dcfbb8f0 2903       3       java.lang.Double::<init> (10 bytes)
Event: 32.909 Thread 0x00000221dcfbb8f0 nmethod 2903 0x00000221c1dadc90 code [0x00000221c1dade40, 0x00000221c1dadff8]
Event: 32.909 Thread 0x00000221dcfbb8f0 2904       3       com.google.gson.Gson$1::read (6 bytes)
Event: 32.910 Thread 0x00000221dcfbb8f0 nmethod 2904 0x00000221c1dae110 code [0x00000221c1dae300, 0x00000221c1dae908]

GC Heap History (8 events):
Event: 3.808 GC heap before
{Heap before GC invocations=0 (full 0):
 garbage-first heap   total 260096K, used 22528K [0x0000000702200000, 0x0000000800000000)
  region size 2048K, 11 young (22528K), 0 survivors (0K)
 Metaspace       used 15756K, capacity 16052K, committed 16256K, reserved 1064960K
  class space    used 1533K, capacity 1631K, committed 1664K, reserved 1048576K
}
Event: 3.822 GC heap after
{Heap after GC invocations=1 (full 0):
 garbage-first heap   total 260096K, used 3735K [0x0000000702200000, 0x0000000800000000)
  region size 2048K, 2 young (4096K), 2 survivors (4096K)
 Metaspace       used 15756K, capacity 16052K, committed 16256K, reserved 1064960K
  class space    used 1533K, capacity 1631K, committed 1664K, reserved 1048576K
}
Event: 5.006 GC heap before
{Heap before GC invocations=1 (full 0):
 garbage-first heap   total 260096K, used 30359K [0x0000000702200000, 0x0000000800000000)
  region size 2048K, 15 young (30720K), 2 survivors (4096K)
 Metaspace       used 20924K, capacity 21205K, committed 21248K, reserved 1069056K
  class space    used 2189K, capacity 2303K, committed 2304K, reserved 1048576K
}
Event: 5.018 GC heap after
{Heap after GC invocations=2 (full 0):
 garbage-first heap   total 260096K, used 5768K [0x0000000702200000, 0x0000000800000000)
  region size 2048K, 2 young (4096K), 2 survivors (4096K)
 Metaspace       used 20924K, capacity 21205K, committed 21248K, reserved 1069056K
  class space    used 2189K, capacity 2303K, committed 2304K, reserved 1048576K
}
Event: 5.018 GC heap before
{Heap before GC invocations=2 (full 0):
 garbage-first heap   total 260096K, used 5768K [0x0000000702200000, 0x0000000800000000)
  region size 2048K, 3 young (6144K), 2 survivors (4096K)
 Metaspace       used 20924K, capacity 21205K, committed 21248K, reserved 1069056K
  class space    used 2189K, capacity 2303K, committed 2304K, reserved 1048576K
}
Event: 5.021 GC heap after
{Heap after GC invocations=3 (full 0):
 garbage-first heap   total 260096K, used 5755K [0x0000000702200000, 0x0000000800000000)
  region size 2048K, 2 young (4096K), 2 survivors (4096K)
 Metaspace       used 20924K, capacity 21205K, committed 21248K, reserved 1069056K
  class space    used 2189K, capacity 2303K, committed 2304K, reserved 1048576K
}
Event: 6.051 GC heap before
{Heap before GC invocations=4 (full 0):
 garbage-first heap   total 40960K, used 26235K [0x0000000702200000, 0x0000000800000000)
  region size 2048K, 12 young (24576K), 2 survivors (4096K)
 Metaspace       used 26026K, capacity 26386K, committed 26496K, reserved 1073152K
  class space    used 2792K, capacity 2915K, committed 2944K, reserved 1048576K
}
Event: 6.056 GC heap after
{Heap after GC invocations=5 (full 0):
 garbage-first heap   total 40960K, used 7448K [0x0000000702200000, 0x0000000800000000)
  region size 2048K, 2 young (4096K), 2 survivors (4096K)
 Metaspace       used 26026K, capacity 26386K, committed 26496K, reserved 1073152K
  class space    used 2792K, capacity 2915K, committed 2944K, reserved 1048576K
}

Deoptimization events (20 events):
Event: 8.287 Thread 0x00000221bd8630b0 DEOPT PACKING pc=0x00000221c1c817b8 sp=0x000000de50efc790
Event: 8.287 Thread 0x00000221bd8630b0 DEOPT UNPACKING pc=0x00000221c12be23f sp=0x000000de50efbc08 mode 0
Event: 8.749 Thread 0x00000221bd8630b0 Uncommon trap: trap_request=0xffffffcc fr.pc=0x00000221c8e52100 relative=0x0000000000001360
Event: 8.749 Thread 0x00000221bd8630b0 Uncommon trap: reason=intrinsic_or_type_checked_inlining action=make_not_entrant pc=0x00000221c8e52100 method=java.util.ArrayList.toArray([Ljava/lang/Object;)[Ljava/lang/Object; @ 36 c2
Event: 8.749 Thread 0x00000221bd8630b0 DEOPT PACKING pc=0x00000221c8e52100 sp=0x000000de50efca20
Event: 8.749 Thread 0x00000221bd8630b0 DEOPT UNPACKING pc=0x00000221c12be42f sp=0x000000de50efc968 mode 2
Event: 26.509 Thread 0x00000221bd8630b0 DEOPT PACKING pc=0x00000221c1cbae87 sp=0x000000de50efcfd0
Event: 26.509 Thread 0x00000221bd8630b0 DEOPT UNPACKING pc=0x00000221c12be23f sp=0x000000de50efc468 mode 3
Event: 28.919 Thread 0x00000221bd8630b0 Uncommon trap: trap_request=0xffffff45 fr.pc=0x00000221c8e34ee4 relative=0x0000000000000144
Event: 28.919 Thread 0x00000221bd8630b0 Uncommon trap: reason=unstable_if action=reinterpret pc=0x00000221c8e34ee4 method=java.lang.ThreadLocal$ThreadLocalMap.getEntry(Ljava/lang/ThreadLocal;)Ljava/lang/ThreadLocal$ThreadLocalMap$Entry; @ 29 c2
Event: 28.919 Thread 0x00000221bd8630b0 DEOPT PACKING pc=0x00000221c8e34ee4 sp=0x000000de50efd230
Event: 28.919 Thread 0x00000221bd8630b0 DEOPT UNPACKING pc=0x00000221c12be42f sp=0x000000de50efd170 mode 2
Event: 28.929 Thread 0x00000221bd8630b0 Uncommon trap: trap_request=0xffffff45 fr.pc=0x00000221c8e34a2c relative=0x000000000000010c
Event: 28.929 Thread 0x00000221bd8630b0 Uncommon trap: reason=unstable_if action=reinterpret pc=0x00000221c8e34a2c method=java.lang.ThreadLocal$ThreadLocalMap.getEntry(Ljava/lang/ThreadLocal;)Ljava/lang/ThreadLocal$ThreadLocalMap$Entry; @ 29 c2
Event: 28.929 Thread 0x00000221bd8630b0 DEOPT PACKING pc=0x00000221c8e34a2c sp=0x000000de50efccc0
Event: 28.929 Thread 0x00000221bd8630b0 DEOPT UNPACKING pc=0x00000221c12be42f sp=0x000000de50efcc78 mode 2
Event: 31.730 Thread 0x00000221dfc10080 Uncommon trap: trap_request=0xffffff45 fr.pc=0x00000221c8e5b2ac relative=0x00000000000008ac
Event: 31.730 Thread 0x00000221dfc10080 Uncommon trap: reason=unstable_if action=reinterpret pc=0x00000221c8e5b2ac method=com.google.gson.stream.JsonReader.nextQuotedValue(C)Ljava/lang/String; @ 96 c2
Event: 31.730 Thread 0x00000221dfc10080 DEOPT PACKING pc=0x00000221c8e5b2ac sp=0x000000de522fee30
Event: 31.730 Thread 0x00000221dfc10080 DEOPT UNPACKING pc=0x00000221c12be42f sp=0x000000de522fedc8 mode 2

Classes unloaded (0 events):
No events

Classes redefined (0 events):
No events

Internal exceptions (20 events):
Event: 8.952 Thread 0x00000221bd8630b0 Exception <a 'sun/nio/fs/WindowsException'{0x0000000703f7b858}> (0x0000000703f7b858) 
thrown [./open/src/hotspot/share/prims/jni.cpp, line 578]
Event: 8.952 Thread 0x00000221bd8630b0 Exception <a 'sun/nio/fs/WindowsException'{0x0000000703f7bc28}> (0x0000000703f7bc28) 
thrown [./open/src/hotspot/share/prims/jni.cpp, line 578]
Event: 8.961 Thread 0x00000221bd8630b0 Exception <a 'sun/nio/fs/WindowsException'{0x0000000703f81ee8}> (0x0000000703f81ee8) 
thrown [./open/src/hotspot/share/prims/jni.cpp, line 578]
Event: 8.961 Thread 0x00000221bd8630b0 Exception <a 'sun/nio/fs/WindowsException'{0x0000000703f822d0}> (0x0000000703f822d0) 
thrown [./open/src/hotspot/share/prims/jni.cpp, line 578]
Event: 8.963 Thread 0x00000221bd8630b0 Exception <a 'sun/nio/fs/WindowsException'{0x0000000703f86918}> (0x0000000703f86918) 
thrown [./open/src/hotspot/share/prims/jni.cpp, line 578]
Event: 8.964 Thread 0x00000221bd8630b0 Exception <a 'sun/nio/fs/WindowsException'{0x0000000703f86d00}> (0x0000000703f86d00) 
thrown [./open/src/hotspot/share/prims/jni.cpp, line 578]
Event: 8.966 Thread 0x00000221bd8630b0 Exception <a 'sun/nio/fs/WindowsException'{0x0000000703f8b260}> (0x0000000703f8b260) 
thrown [./open/src/hotspot/share/prims/jni.cpp, line 578]
Event: 8.966 Thread 0x00000221bd8630b0 Exception <a 'sun/nio/fs/WindowsException'{0x0000000703f8b650}> (0x0000000703f8b650) 
thrown [./open/src/hotspot/share/prims/jni.cpp, line 578]
Event: 8.968 Thread 0x00000221bd8630b0 Exception <a 'sun/nio/fs/WindowsException'{0x0000000703f8f9b0}> (0x0000000703f8f9b0) 
thrown [./open/src/hotspot/share/prims/jni.cpp, line 578]
Event: 8.968 Thread 0x00000221bd8630b0 Exception <a 'sun/nio/fs/WindowsException'{0x0000000703f8fd38}> (0x0000000703f8fd38) 
thrown [./open/src/hotspot/share/prims/jni.cpp, line 578]
Event: 8.977 Thread 0x00000221bd8630b0 Exception <a 'sun/nio/fs/WindowsException'{0x0000000703f96618}> (0x0000000703f96618) 
thrown [./open/src/hotspot/share/prims/jni.cpp, line 578]
Event: 8.977 Thread 0x00000221bd8630b0 Exception <a 'sun/nio/fs/WindowsException'{0x0000000703f96a00}> (0x0000000703f96a00) 
thrown [./open/src/hotspot/share/prims/jni.cpp, line 578]
Event: 9.036 Thread 0x00000221bd8630b0 Exception <a 'java/lang/NoSuchMethodError'{0x0000000703fa8a30}: 'void java.lang.invoke.DirectMethodHandle$Holder.invokeStatic(java.lang.Object, long)'> (0x0000000703fa8a30) 
thrown [./open/src/hotspot/share/interpreter/linkResolver.cpp, line 782]
Event: 9.036 Thread 0x00000221bd8630b0 Exception <a 'java/lang/NoSuchMethodError'{0x0000000703fae308}: 'java.lang.Object java.lang.invoke.DirectMethodHandle$Holder.newInvokeSpecial(java.lang.Object, long)'> (0x0000000703fae308) 
thrown [./open/src/hotspot/share/interpreter/linkResolver.cpp, line 782]
Event: 9.038 Thread 0x00000221bd8630b0 Exception <a 'java/lang/NoSuchMethodError'{0x0000000703fb5458}: 'java.lang.Object java.lang.invoke.DirectMethodHandle$Holder.invokeStatic(java.lang.Object, java.lang.Object, long, java.lang.Object)'> (0x0000000703fb5458) 
thrown [./open/src/hotspot/share/interpreter/linkResolver.cpp, line 782]
Event: 9.039 Thread 0x00000221bd8630b0 Exception <a 'java/lang/NoSuchMethodError'{0x0000000703fb93a0}: 'java.lang.Object java.lang.invoke.DirectMethodHandle$Holder.invokeStaticInit(java.lang.Object, java.lang.Object, long, java.lang.Object)'> (0x0000000703fb93a0) 
thrown [./open/src/hotspot/share/interpreter/linkResolver.cpp, line 782]
Event: 9.040 Thread 0x00000221bd8630b0 Exception <a 'java/lang/NoSuchMethodError'{0x0000000703fc0070}: 'java.lang.Object java.lang.invoke.DirectMethodHandle$Holder.newInvokeSpecial(java.lang.Object, java.lang.Object, long)'> (0x0000000703fc0070) 
thrown [./open/src/hotspot/share/interpreter/linkResolver.cpp, line 782]
Event: 30.391 Thread 0x00000221bd8630b0 Exception <a 'java/lang/ClassNotFoundException'{0x0000000703bbcb68}: sun/awt/resources/spi/awtProvider> (0x0000000703bbcb68) 
thrown [./open/src/hotspot/share/classfile/systemDictionary.cpp, line 295]
Event: 30.552 Thread 0x00000221bd8630b0 Exception <a 'java/io/FileNotFoundException'{0x0000000703bbff60}> (0x0000000703bbff60) 
thrown [./open/src/hotspot/share/prims/jni.cpp, line 578]
Event: 30.553 Thread 0x00000221bd8630b0 Exception <a 'java/io/FileNotFoundException'{0x0000000703bc17b0}> (0x0000000703bc17b0) 
thrown [./open/src/hotspot/share/prims/jni.cpp, line 578]

Events (20 events):
Event: 31.699 loading class jdk/internal/vm/annotation/ForceInline done
Event: 32.004 loading class sun/awt/AppContext
Event: 32.023 loading class sun/awt/AppContext done
Event: 32.024 loading class sun/awt/AppContext$GetAppContextLock
Event: 32.024 loading class sun/awt/AppContext$GetAppContextLock done
Event: 32.024 loading class sun/awt/AppContext$6
Event: 32.024 loading class jdk/internal/access/JavaAWTAccess
Event: 32.024 loading class jdk/internal/access/JavaAWTAccess done
Event: 32.024 loading class sun/awt/AppContext$6 done
Event: 32.024 loading class java/util/IdentityHashMap$ValueIterator
Event: 32.024 loading class java/util/IdentityHashMap$IdentityHashMapIterator
Event: 32.024 loading class java/util/IdentityHashMap$IdentityHashMapIterator done
Event: 32.024 loading class java/util/IdentityHashMap$ValueIterator done
Event: 32.024 Thread 0x00000221df3bf6b0 Thread exited: 0x00000221df3bf6b0
Event: 32.325 loading class jdk/internal/math/FDBigInteger
Event: 32.346 loading class jdk/internal/math/FDBigInteger done
Event: 32.347 loading class jdk/internal/reflect/UnsafeDoubleFieldAccessorImpl
Event: 32.348 loading class jdk/internal/reflect/UnsafeDoubleFieldAccessorImpl done
Event: 32.430 Executing VM operation: HandshakeAllThreads
Event: 32.430 Executing VM operation: HandshakeAllThreads done


Dynamic libraries:
0x00007ff673900000 - 0x00007ff67390d000 	C:\Users\MuhammadMujahid\Downloads\MailRoom\eclipse\plugins\org.eclipse.justj.openjdk.hotspot.jre.full.win32.x86_64_15.0.2.v20210201-0955\jre\bin\javaw.exe
0x00007ffb16750000 - 0x00007ffb16964000 	C:\WINDOWS\SYSTEM32\ntdll.dll
0x00007ffb15760000 - 0x00007ffb15822000 	C:\WINDOWS\System32\KERNEL32.DLL
0x00007ffb13d50000 - 0x00007ffb140ec000 	C:\WINDOWS\System32\KERNELBASE.dll
0x00007ffb14320000 - 0x00007ffb14431000 	C:\WINDOWS\System32\ucrtbase.dll
0x00007ffafc7e0000 - 0x00007ffafc7f9000 	C:\Users\MuhammadMujahid\Downloads\MailRoom\eclipse\plugins\org.eclipse.justj.openjdk.hotspot.jre.full.win32.x86_64_15.0.2.v20210201-0955\jre\bin\VCRUNTIME140.dll
0x00007ffafc720000 - 0x00007ffafc738000 	C:\Users\MuhammadMujahid\Downloads\MailRoom\eclipse\plugins\org.eclipse.justj.openjdk.hotspot.jre.full.win32.x86_64_15.0.2.v20210201-0955\jre\bin\jli.dll
0x00007ffb15960000 - 0x00007ffb15b0a000 	C:\WINDOWS\System32\USER32.dll
0x00007ffb13b80000 - 0x00007ffb13ba6000 	C:\WINDOWS\System32\win32u.dll
0x00007ffb166e0000 - 0x00007ffb16709000 	C:\WINDOWS\System32\GDI32.dll
0x00007ffb13c30000 - 0x00007ffb13d42000 	C:\WINDOWS\System32\gdi32full.dll
0x00007ffb144b0000 - 0x00007ffb1454a000 	C:\WINDOWS\System32\msvcp_win.dll
0x00007ffaefaf0000 - 0x00007ffaefd7e000 	C:\WINDOWS\WinSxS\amd64_microsoft.windows.common-controls_6595b64144ccf1df_6.0.22621.608_none_a9444ca7c10bb01d\COMCTL32.dll
0x00007ffb14dd0000 - 0x00007ffb14e77000 	C:\WINDOWS\System32\msvcrt.dll
0x00007ffb14680000 - 0x00007ffb146b1000 	C:\WINDOWS\System32\IMM32.DLL
0x00007ffaff950000 - 0x00007ffaff95c000 	C:\Users\MuhammadMujahid\Downloads\MailRoom\eclipse\plugins\org.eclipse.justj.openjdk.hotspot.jre.full.win32.x86_64_15.0.2.v20210201-0955\jre\bin\vcruntime140_1.dll
0x00007ffaea5f0000 - 0x00007ffaea681000 	C:\Users\MuhammadMujahid\Downloads\MailRoom\eclipse\plugins\org.eclipse.justj.openjdk.hotspot.jre.full.win32.x86_64_15.0.2.v20210201-0955\jre\bin\msvcp140.dll
0x00007ffa972a0000 - 0x00007ffa97dfe000 	C:\Users\MuhammadMujahid\Downloads\MailRoom\eclipse\plugins\org.eclipse.justj.openjdk.hotspot.jre.full.win32.x86_64_15.0.2.v20210201-0955\jre\bin\server\jvm.dll
0x00007ffb158b0000 - 0x00007ffb1595e000 	C:\WINDOWS\System32\ADVAPI32.dll
0x00007ffb15320000 - 0x00007ffb153c4000 	C:\WINDOWS\System32\sechost.dll
0x00007ffb16540000 - 0x00007ffb16655000 	C:\WINDOWS\System32\RPCRT4.dll
0x00007ffb15b20000 - 0x00007ffb15b28000 	C:\WINDOWS\System32\PSAPI.DLL
0x00007ffb07fe0000 - 0x00007ffb07fea000 	C:\WINDOWS\SYSTEM32\VERSION.dll
0x00007ffb07960000 - 0x00007ffb07994000 	C:\WINDOWS\SYSTEM32\WINMM.dll
0x00007ffaf97b0000 - 0x00007ffaf97b9000 	C:\WINDOWS\SYSTEM32\WSOCK32.dll
0x00007ffb15830000 - 0x00007ffb158a1000 	C:\WINDOWS\System32\WS2_32.dll
0x00007ffb12bd0000 - 0x00007ffb12be8000 	C:\WINDOWS\SYSTEM32\kernel.appcore.dll
0x00007ffb10f30000 - 0x00007ffb10f3a000 	C:\Users\MuhammadMujahid\Downloads\MailRoom\eclipse\plugins\org.eclipse.justj.openjdk.hotspot.jre.full.win32.x86_64_15.0.2.v20210201-0955\jre\bin\jimage.dll
0x00007ffb0eef0000 - 0x00007ffb0f11e000 	C:\WINDOWS\SYSTEM32\DBGHELP.DLL
0x00007ffb153d0000 - 0x00007ffb15759000 	C:\WINDOWS\System32\combase.dll
0x00007ffb14fe0000 - 0x00007ffb150b7000 	C:\WINDOWS\System32\OLEAUT32.dll
0x00007ffaf1700000 - 0x00007ffaf1732000 	C:\WINDOWS\SYSTEM32\dbgcore.DLL
0x00007ffb13bb0000 - 0x00007ffb13c2b000 	C:\WINDOWS\System32\bcryptPrimitives.dll
0x00007ffb0d8f0000 - 0x00007ffb0d915000 	C:\Users\MuhammadMujahid\Downloads\MailRoom\eclipse\plugins\org.eclipse.justj.openjdk.hotspot.jre.full.win32.x86_64_15.0.2.v20210201-0955\jre\bin\java.dll
0x00007ffb0ed30000 - 0x00007ffb0ed48000 	C:\Users\MuhammadMujahid\Downloads\MailRoom\eclipse\plugins\org.eclipse.justj.openjdk.hotspot.jre.full.win32.x86_64_15.0.2.v20210201-0955\jre\bin\zip.dll
0x00007ffb15d40000 - 0x00007ffb1651d000 	C:\WINDOWS\System32\SHELL32.dll
0x00007ffb11ab0000 - 0x00007ffb12367000 	C:\WINDOWS\SYSTEM32\windows.storage.dll
0x00007ffb11970000 - 0x00007ffb11aad000 	C:\WINDOWS\SYSTEM32\wintypes.dll
0x00007ffb15c40000 - 0x00007ffb15d31000 	C:\WINDOWS\System32\SHCORE.dll
0x00007ffb14e80000 - 0x00007ffb14ede000 	C:\WINDOWS\System32\shlwapi.dll
0x00007ffb13ab0000 - 0x00007ffb13ad1000 	C:\WINDOWS\SYSTEM32\profapi.dll
0x00007ffb008d0000 - 0x00007ffb008e9000 	C:\Users\MuhammadMujahid\Downloads\MailRoom\eclipse\plugins\org.eclipse.justj.openjdk.hotspot.jre.full.win32.x86_64_15.0.2.v20210201-0955\jre\bin\net.dll
0x00007ffb12bf0000 - 0x00007ffb12d1f000 	C:\WINDOWS\SYSTEM32\WINHTTP.dll
0x00007ffb13150000 - 0x00007ffb131b9000 	C:\WINDOWS\system32\mswsock.dll
0x00007ffb00730000 - 0x00007ffb00742000 	C:\Users\MuhammadMujahid\Downloads\MailRoom\eclipse\plugins\org.eclipse.justj.openjdk.hotspot.jre.full.win32.x86_64_15.0.2.v20210201-0955\jre\bin\nio.dll
0x00007ffb10f20000 - 0x00007ffb10f30000 	C:\Users\MuhammadMujahid\Downloads\MailRoom\eclipse\plugins\org.eclipse.justj.openjdk.hotspot.jre.full.win32.x86_64_15.0.2.v20210201-0955\jre\bin\verify.dll
0x00007ffb126a0000 - 0x00007ffb12792000 	C:\WINDOWS\SYSTEM32\DNSAPI.dll
0x00007ffb12630000 - 0x00007ffb1265d000 	C:\WINDOWS\SYSTEM32\IPHLPAPI.DLL
0x00007ffb15b10000 - 0x00007ffb15b19000 	C:\WINDOWS\System32\NSI.dll
0x00007ffb048a0000 - 0x00007ffb048aa000 	C:\Windows\System32\rasadhlp.dll
0x00007ffb054e0000 - 0x00007ffb05563000 	C:\WINDOWS\System32\fwpuclnt.dll
0x00007ffb133e0000 - 0x00007ffb133fb000 	C:\WINDOWS\SYSTEM32\CRYPTSP.dll
0x00007ffb12b40000 - 0x00007ffb12b75000 	C:\WINDOWS\system32\rsaenh.dll
0x00007ffb131f0000 - 0x00007ffb13218000 	C:\WINDOWS\SYSTEM32\USERENV.dll
0x00007ffb13500000 - 0x00007ffb13528000 	C:\WINDOWS\SYSTEM32\bcrypt.dll
0x00007ffb133c0000 - 0x00007ffb133cc000 	C:\WINDOWS\SYSTEM32\CRYPTBASE.dll
0x00007ffb07c20000 - 0x00007ffb07c39000 	C:\WINDOWS\SYSTEM32\dhcpcsvc6.DLL
0x00007ffb07940000 - 0x00007ffb0795f000 	C:\WINDOWS\SYSTEM32\dhcpcsvc.DLL
0x00007ffb10810000 - 0x00007ffb10819000 	C:\Users\MuhammadMujahid\Downloads\MailRoom\eclipse\plugins\org.eclipse.justj.openjdk.hotspot.jre.full.win32.x86_64_15.0.2.v20210201-0955\jre\bin\management.dll
0x00007ffb0ecc0000 - 0x00007ffb0eccb000 	C:\Users\MuhammadMujahid\Downloads\MailRoom\eclipse\plugins\org.eclipse.justj.openjdk.hotspot.jre.full.win32.x86_64_15.0.2.v20210201-0955\jre\bin\management_ext.dll
0x00007ffadcc20000 - 0x00007ffadcc37000 	C:\WINDOWS\system32\napinsp.dll
0x00007ffadcc00000 - 0x00007ffadcc1b000 	C:\WINDOWS\system32\pnrpnsp.dll
0x00007ffadcbe0000 - 0x00007ffadcbf1000 	C:\WINDOWS\System32\winrnr.dll
0x00007ffb06e00000 - 0x00007ffb06e15000 	C:\WINDOWS\system32\wshbth.dll
0x00007ffadcbb0000 - 0x00007ffadcbd1000 	C:\WINDOWS\system32\nlansp_c.dll
0x00007ffae11e0000 - 0x00007ffae135f000 	C:\Users\MuhammadMujahid\Downloads\MailRoom\eclipse\plugins\org.eclipse.justj.openjdk.hotspot.jre.full.win32.x86_64_15.0.2.v20210201-0955\jre\bin\awt.dll
0x00007ffb11010000 - 0x00007ffb110a7000 	C:\WINDOWS\SYSTEM32\apphelp.dll
0x00007ffb110f0000 - 0x00007ffb1119b000 	C:\WINDOWS\system32\uxtheme.dll
0x00007ffb14560000 - 0x00007ffb1467e000 	C:\WINDOWS\System32\MSCTF.dll
0x00007ffb150c0000 - 0x00007ffb1525c000 	C:\WINDOWS\System32\ole32.dll
0x00007ffb11500000 - 0x00007ffb1152b000 	C:\WINDOWS\system32\DWMAPI.DLL
0x00007ffadab70000 - 0x00007ffadac70000 	C:\WINDOWS\system32\opengl32.dll
0x00007ffadb990000 - 0x00007ffadb9bd000 	C:\WINDOWS\SYSTEM32\GLU32.dll
0x00007ffb111d0000 - 0x00007ffb11206000 	C:\WINDOWS\SYSTEM32\dxcore.dll

dbghelp: loaded successfully - version: 4.0.5 - missing functions: none
symbol engine: initialized successfully - sym options: 0x614 - pdb path: .;C:\Users\MuhammadMujahid\Downloads\MailRoom\eclipse\plugins\org.eclipse.justj.openjdk.hotspot.jre.full.win32.x86_64_15.0.2.v20210201-0955\jre\bin;C:\WINDOWS\SYSTEM32;C:\WINDOWS\WinSxS\amd64_microsoft.windows.common-controls_6595b64144ccf1df_6.0.22621.608_none_a9444ca7c10bb01d;C:\Users\MuhammadMujahid\Downloads\MailRoom\eclipse\plugins\org.eclipse.justj.openjdk.hotspot.jre.full.win32.x86_64_15.0.2.v20210201-0955\jre\bin\server

VM Arguments:
jvm_args: -ea -Dfile.encoding=Cp1252 -XX:+ShowCodeDetailsInExceptionMessages 
java_command: org.testng.remote.RemoteTestNG -serport 62998 -protocol json -d C:\Users\MuhammadMujahid\git\Platform_Automation_Playwright\test-output C:\Users\MUHAMM~1\AppData\Local\Temp\testng-eclipse--894733201\testng-customsuite.xml
java_class_path (initial): C:\Users\MuhammadMujahid\Downloads\MailRoom\eclipse\configuration\org.eclipse.osgi\444\0\.cp\lib\testng-remote.jar;C:\Users\MuhammadMujahid\git\Platform_Automation_Playwright\target\test-classes;C:\Users\MuhammadMujahid\git\Platform_Automation_Playwright\target\classes;C:\Users\MuhammadMujahid\.m2\repository\com\microsoft\playwright\playwright\1.27.1\playwright-1.27.1.jar;C:\Users\MuhammadMujahid\.m2\repository\com\google\code\gson\gson\2.8.9\gson-2.8.9.jar;C:\Users\MuhammadMujahid\.m2\repository\org\opentest4j\opentest4j\1.2.0\opentest4j-1.2.0.jar;C:\Users\MuhammadMujahid\.m2\repository\com\microsoft\playwright\driver\1.27.1\driver-1.27.1.jar;C:\Users\MuhammadMujahid\.m2\repository\com\microsoft\playwright\driver-bundle\1.27.1\driver-bundle-1.27.1.jar;C:\Users\MuhammadMujahid\.m2\repository\org\testng\testng\7.6.1\testng-7.6.1.jar;C:\Users\MuhammadMujahid\.m2\repository\com\google\code\findbugs\jsr305\3.0.2\jsr305-3.0.2.jar;C:\Users\MuhammadMujahid\.m2\repository\org\slf4j\slf4j-api\1.7.36\slf4j-api-1.7.36.jar;C:\Users\MuhammadMujahid\.m2\repository\com\beust\jcommander\1.82\jcommander-1.82.jar;C:\Users\MuhammadMujahid\.m2\repository\org\webjars\jquery\3.6.0\jquery-3.6.0.jar;C:\Users\MuhammadMujahid\.m2\repository\org\apache\logging\log4j\log4j-api\2.19.0\log4j-api-2.19.0.jar;C:\Users\MuhammadMujahid\.m2\repository\org\apache\logging\log4j\log4j-core\2.19.0\log4j-core-2.19.0.jar;C:\Users\MuhammadMujahid\.m2\repository\com\aventstack\extentreports\5.0.9\extentreports-5.0.9.jar;C:\Users\MuhammadMujahid\.m2\repository\io\reactivex\rxjava3\rxjava\3.0.4\rxjava-3.0.4.jar;C:\Users\MuhammadMujahid\.m2\repository\org\reactivestreams\reactive-streams\1.0.3\reactive-streams-1.0.3.jar;C:\Users\MuhammadMujahid\.m2\repository\org\freemarker\freemarker\2.3.30\freemarker-2.3.30.jar;C:\Users\MuhammadMujahid\.m2\repository\org\projectlombok\lombok\1.18.24\lombok-1.18.24.jar
Launcher Type: SUN_STANDARD

[Global flags]
     intx CICompilerCount                          = 4                                         {product} {ergonomic}
     uint ConcGCThreads                            = 2                                         {product} {ergonomic}
     uint G1ConcRefinementThreads                  = 8                                         {product} {ergonomic}
   size_t G1HeapRegionSize                         = 2097152                                   {product} {ergonomic}
    uintx GCDrainStackTargetSize                   = 64                                        {product} {ergonomic}
   size_t InitialHeapSize                          = 266338304                                 {product} {ergonomic}
   size_t MarkStackSize                            = 4194304                                   {product} {ergonomic}
   size_t MaxHeapSize                              = 4259315712                                {product} {ergonomic}
   size_t MaxNewSize                               = 2554331136                                {product} {ergonomic}
   size_t MinHeapDeltaBytes                        = 2097152                                   {product} {ergonomic}
   size_t MinHeapSize                              = 8388608                                   {product} {ergonomic}
    uintx NonNMethodCodeHeapSize                   = 5839372                                {pd product} {ergonomic}
    uintx NonProfiledCodeHeapSize                  = 122909434                              {pd product} {ergonomic}
    uintx ProfiledCodeHeapSize                     = 122909434                              {pd product} {ergonomic}
    uintx ReservedCodeCacheSize                    = 251658240                              {pd product} {ergonomic}
     bool SegmentedCodeCache                       = true                                      {product} {ergonomic}
     bool ShowCodeDetailsInExceptionMessages       = true                                   {manageable} {command line}
   size_t SoftMaxHeapSize                          = 4259315712                             {manageable} {ergonomic}
     bool UseCompressedClassPointers               = true                                 {lp64_product} {ergonomic}
     bool UseCompressedOops                        = true                                 {lp64_product} {ergonomic}
     bool UseG1GC                                  = true                                      {product} {ergonomic}
     bool UseLargePagesIndividualAllocation        = false                                  {pd product} {ergonomic}

Logging:
Log output configuration:
 #0: stdout all=warning uptime,level,tags
 #1: stderr all=off uptime,level,tags

Environment Variables:
JAVA_HOME=C:\Program Files\Java\jdk-11.0.12
PATH=C:/Users/MuhammadMujahid/Downloads/MailRoom/eclipse//plugins/org.eclipse.justj.openjdk.hotspot.jre.full.win32.x86_64_15.0.2.v20210201-0955/jre/bin/server;C:/Users/MuhammadMujahid/Downloads/MailRoom/eclipse//plugins/org.eclipse.justj.openjdk.hotspot.jre.full.win32.x86_64_15.0.2.v20210201-0955/jre/bin;C:\Python310\Scripts\;C:\Python310\;C:\Program Files\Common Files\Oracle\Java\javapath;C:\Program Files (x86)\Common Files\Oracle\Java\javapath;C:\WINDOWS\system32;C:\WINDOWS;C:\WINDOWS\System32\Wbem;C:\WINDOWS\System32\WindowsPowerShell\v1.0\;C:\WINDOWS\System32\OpenSSH\;C:\Users\MuhammadMujahid\Downloads\apache-maven-3.8.4-bin\apache-maven-3.8.4\bin;C:\Program Files\dotnet\;C:\Program Files\nodejs\;C:\ProgramData\chocolatey\bin;C:\Program Files\Amazon\AWSCLIV2\;C:\Program Files\Java\jdk-17.0.4.1\bin;;C:\Program Files\Docker\Docker\resources\bin;C:\ProgramData\DockerDesktop\version-bin;C:\Users\MuhammadMujahid\AppData\Local\Microsoft\WindowsApps;C:\Users\MuhammadMujahid\AppData\Local\Programs\Microsoft VS Code\bin;C:\Users\MuhammadMujahid\AppData\Roaming\npm;C:\Users\MuhammadMujahid\AppData\Local\Programs\Git\cmd;;C:\Users\MuhammadMujahid\Downloads\MailRoom\eclipse;
USERNAME=MuhammadMujahid
OS=Windows_NT
PROCESSOR_IDENTIFIER=Intel64 Family 6 Model 142 Stepping 11, GenuineIntel



---------------  S Y S T E M  ---------------

OS:
 Windows 10 , 64 bit Build 22621 (10.0.22621.608)
OS uptime: 27 days 23:07 hours
HyperV virtualization detected

CPU: total 8 (initial active 8) (4 cores per cpu, 2 threads per core) family 6 model 142 stepping 11 microcode 0xf0, cmov, cx8, fxsr, mmx, sse, sse2, sse3, ssse3, sse4.1, sse4.2, popcnt, vzeroupper, avx, avx2, aes, clmul, erms, 3dnowpref, lzcnt, ht, tsc, tscinvbit, bmi1, bmi2, adx, fma, clflush, clflushopt

Memory: 4k page, system-wide physical 16246M (2481M free)
TotalPageFile size 45939M (AvailPageFile size 4M)
current process WorkingSet (physical memory assigned to process): 135M, peak: 136M
current process commit charge ("private bytes"): 173M, peak: 376M

vm_info: OpenJDK 64-Bit Server VM (15.0.2+7-27) for windows-amd64 JRE (15.0.2+7-27), built on Dec  7 2020 20:02:38 by "mach5one" with unknown MS VC++:1925

END.
